<?xml version="1.0" encoding="UTF-8"?>
<!-- Generated by org.testng.reporters.JUnitReportReporter -->
<testsuite hostname="DESKTOP-7R54CV9" failures="0" tests="1" name="com.testingshastra.carwale.CarWaleDemo" time="10.297" errors="0" timestamp="2023-04-14T19:10:06 IST" skipped="0">
  <testcase classname="com.testingshastra.carwale.CarWaleDemo" name="verifyThatCertifiedUsedCarsWithColors" time="10.297"/>
  <system-out/>
</testsuite> <!-- com.testingshastra.carwale.CarWaleDemo -->
